This is pdfTeX, Version 3.1415926-1.40.10 (TeX Live 2009/Debian) (format=pdflatex 2010.10.16)  11 DEC 2010 20:19
entering extended mode
 restricted \write18 enabled.
 %&-line parsing enabled.
**CRing.tex
(./CRing.tex
LaTeX2e <2009/09/24>
Babel <v3.8l> and hyphenation patterns for english, usenglishmax, dumylang, noh
yphenation, loaded.
(/usr/share/texmf-texlive/tex/latex/base/book.cls
Document Class: book 2007/10/19 v1.4h Standard LaTeX document class
(/usr/share/texmf-texlive/tex/latex/base/bk11.clo
File: bk11.clo 2007/10/19 v1.4h Standard LaTeX file (size option)
)
\c@part=\count79
\c@chapter=\count80
\c@section=\count81
\c@subsection=\count82
\c@subsubsection=\count83
\c@paragraph=\count84
\c@subparagraph=\count85
\c@figure=\count86
\c@table=\count87
\abovecaptionskip=\skip41
\belowcaptionskip=\skip42
\bibindent=\dimen102
) (./other/packages.tex
(/usr/share/texmf-texlive/tex/latex/amscls/amsthm.sty
Package: amsthm 2004/08/06 v2.20
\thm@style=\toks14
\thm@bodyfont=\toks15
\thm@headfont=\toks16
\thm@notefont=\toks17
\thm@headpunct=\toks18
\thm@preskip=\skip43
\thm@postskip=\skip44
\thm@headsep=\skip45
\dth@everypar=\toks19
)
(/usr/share/texmf-texlive/tex/latex/amsmath/amsmath.sty
Package: amsmath 2000/07/18 v2.13 AMS math features
\@mathmargin=\skip46

For additional information on amsmath, use the `?' option.
(/usr/share/texmf-texlive/tex/latex/amsmath/amstext.sty
Package: amstext 2000/06/29 v2.01

(/usr/share/texmf-texlive/tex/latex/amsmath/amsgen.sty
File: amsgen.sty 1999/11/30 v2.0
\@emptytoks=\toks20
\ex@=\dimen103
))
(/usr/share/texmf-texlive/tex/latex/amsmath/amsbsy.sty
Package: amsbsy 1999/11/29 v1.2d
\pmbraise@=\dimen104
)
(/usr/share/texmf-texlive/tex/latex/amsmath/amsopn.sty
Package: amsopn 1999/12/14 v2.01 operator names
)
\inf@bad=\count88
LaTeX Info: Redefining \frac on input line 211.
\uproot@=\count89
\leftroot@=\count90
LaTeX Info: Redefining \overline on input line 307.
\classnum@=\count91
\DOTSCASE@=\count92
LaTeX Info: Redefining \ldots on input line 379.
LaTeX Info: Redefining \dots on input line 382.
LaTeX Info: Redefining \cdots on input line 467.
\Mathstrutbox@=\box26
\strutbox@=\box27
\big@size=\dimen105
LaTeX Font Info:    Redeclaring font encoding OML on input line 567.
LaTeX Font Info:    Redeclaring font encoding OMS on input line 568.
\macc@depth=\count93
\c@MaxMatrixCols=\count94
\dotsspace@=\muskip10
\c@parentequation=\count95
\dspbrk@lvl=\count96
\tag@help=\toks21
\row@=\count97
\column@=\count98
\maxfields@=\count99
\andhelp@=\toks22
\eqnshift@=\dimen106
\alignsep@=\dimen107
\tagshift@=\dimen108
\tagwidth@=\dimen109
\totwidth@=\dimen110
\lineht@=\dimen111
\@envbody=\toks23
\multlinegap=\skip47
\multlinetaggap=\skip48
\mathdisplay@stack=\toks24
LaTeX Info: Redefining \[ on input line 2666.
LaTeX Info: Redefining \] on input line 2667.
)
(/usr/share/texmf-texlive/tex/latex/ltxmisc/url.sty
\Urlmuskip=\muskip11
Package: url 2006/04/12  ver 3.3  Verb mode for urls, etc.
)
(/usr/share/texmf-texlive/tex/latex/fancyhdr/fancyhdr.sty
\fancy@headwidth=\skip49
\f@ncyO@elh=\skip50
\f@ncyO@erh=\skip51
\f@ncyO@olh=\skip52
\f@ncyO@orh=\skip53
\f@ncyO@elf=\skip54
\f@ncyO@erf=\skip55
\f@ncyO@olf=\skip56
\f@ncyO@orf=\skip57
)
(/usr/share/texmf-texlive/tex/latex/geometry/geometry.sty
Package: geometry 2008/12/21 v4.2 Page Geometry

(/usr/share/texmf-texlive/tex/latex/graphics/keyval.sty
Package: keyval 1999/03/16 v1.13 key=value parser (DPC)
\KV@toks@=\toks25
)
(/usr/share/texmf-texlive/tex/generic/oberdiek/ifpdf.sty
Package: ifpdf 2009/04/10 v2.0 Provides the ifpdf switch (HO)
Package ifpdf Info: pdfTeX in pdf mode detected.
)
(/usr/share/texmf-texlive/tex/generic/oberdiek/ifvtex.sty
Package: ifvtex 2008/11/04 v1.4 Switches for detecting VTeX and its modes (HO)
Package ifvtex Info: VTeX not detected.
)
\Gm@cnth=\count100
\Gm@cntv=\count101
\c@Gm@tempcnt=\count102
\Gm@bindingoffset=\dimen112
\Gm@wd@mp=\dimen113
\Gm@odd@mp=\dimen114
\Gm@even@mp=\dimen115
\Gm@dimlist=\toks26
)
(/usr/share/texmf-texlive/tex/latex/amsfonts/amssymb.sty
Package: amssymb 2009/06/22 v3.00

(/usr/share/texmf-texlive/tex/latex/amsfonts/amsfonts.sty
Package: amsfonts 2009/06/22 v3.00 Basic AMSFonts support
\symAMSa=\mathgroup4
\symAMSb=\mathgroup5
LaTeX Font Info:    Overwriting math alphabet `\mathfrak' in version `bold'
(Font)                  U/euf/m/n --> U/euf/b/n on input line 96.
))
(/usr/share/texmf-texlive/tex/latex/oberdiek/stackrel.sty
Package: stackrel 2007/11/11 v1.2 Adding subscript option to stackrel (HO)

(/usr/share/texmf-texlive/tex/generic/oberdiek/etexcmds.sty
Package: etexcmds 2007/12/12 v1.2 Prefix for e-TeX command names (HO)

(/usr/share/texmf-texlive/tex/generic/oberdiek/infwarerr.sty
Package: infwarerr 2007/09/09 v1.2 Providing info/warning/message (HO)
)
Package etexcmds Info: Could not find \expanded.
(etexcmds)             That can mean that you are not using pdfTeX 1.50 or
(etexcmds)             that some package has redefined \expanded.
(etexcmds)             In the latter case, load this package earlier.
)
(/usr/share/texmf-texlive/tex/generic/oberdiek/pdftexcmds.sty
Package: pdftexcmds 2009/09/23 v0.6 LuaTeX support for pdfTeX utility functions
 (HO)

(/usr/share/texmf-texlive/tex/generic/oberdiek/ifluatex.sty
Package: ifluatex 2009/04/17 v1.2 Provides the ifluatex switch (HO)
Package ifluatex Info: LuaTeX not detected.
)
(/usr/share/texmf-texlive/tex/generic/oberdiek/ltxcmds.sty
Package: ltxcmds 2009/08/05 v1.0 Some LaTeX kernel commands for general use (HO
)
)
Package pdftexcmds Info: LuaTeX not detected.
Package pdftexcmds Info: \pdf@primitive is available.
Package pdftexcmds Info: \pdf@ifprimitive is available.
))
(/usr/share/texmf-texlive/tex/latex/jknapltx/mathrsfs.sty
Package: mathrsfs 1996/01/01 Math RSFS package v1.0 (jk)
\symrsfs=\mathgroup6
)
(/usr/share/texmf-texlive/tex/latex/tools/verbatim.sty
Package: verbatim 2003/08/22 v1.5q LaTeX2e package for verbatim enhancements
\every@verbatim=\toks27
\verbatim@line=\toks28
\verbatim@in@stream=\read1
)
(/usr/share/texmf-texlive/tex/latex/tools/enumerate.sty
Package: enumerate 1999/03/05 v3.00 enumerate extensions (DPC)
\@enLab=\toks29
)
(/usr/share/texmf-texlive/tex/latex/hyperref/hyperref.sty
Package: hyperref 2009/10/09 v6.79a Hypertext links for LaTeX

(/usr/share/texmf-texlive/tex/generic/ifxetex/ifxetex.sty
Package: ifxetex 2009/01/23 v0.5 Provides ifxetex conditional
)
(/usr/share/texmf-texlive/tex/latex/oberdiek/hycolor.sty
Package: hycolor 2009/10/02 v1.5 Code for color options of hyperref/bookmark (H
O)

(/usr/share/texmf-texlive/tex/latex/oberdiek/xcolor-patch.sty
Package: xcolor-patch 2009/10/02 xcolor patch
))
\@linkdim=\dimen116
\Hy@linkcounter=\count103
\Hy@pagecounter=\count104

(/usr/share/texmf-texlive/tex/latex/hyperref/pd1enc.def
File: pd1enc.def 2009/10/09 v6.79a Hyperref: PDFDocEncoding definition (HO)
)
(/usr/share/texmf-texlive/tex/latex/latexconfig/hyperref.cfg
File: hyperref.cfg 2002/06/06 v1.2 hyperref configuration of TeXLive
)
(/usr/share/texmf-texlive/tex/latex/oberdiek/kvoptions.sty
Package: kvoptions 2009/08/13 v3.4 Keyval support for LaTeX options (HO)

(/usr/share/texmf-texlive/tex/generic/oberdiek/kvsetkeys.sty
Package: kvsetkeys 2009/07/30 v1.5 Key value parser with default handler suppor
t (HO)
))
Package hyperref Info: Hyper figures OFF on input line 2975.
Package hyperref Info: Link nesting OFF on input line 2980.
Package hyperref Info: Hyper index ON on input line 2983.
Package hyperref Info: Plain pages OFF on input line 2990.
Package hyperref Info: Backreferencing OFF on input line 2995.

Implicit mode ON; LaTeX internals redefined
Package hyperref Info: Bookmarks ON on input line 3191.
LaTeX Info: Redefining \url on input line 3428.
(/usr/share/texmf-texlive/tex/generic/oberdiek/bitset.sty
Package: bitset 2007/09/28 v1.0 Data type bit set (HO)

(/usr/share/texmf-texlive/tex/generic/oberdiek/intcalc.sty
Package: intcalc 2007/09/27 v1.1 Expandable integer calculations (HO)
)
(/usr/share/texmf-texlive/tex/generic/oberdiek/bigintcalc.sty
Package: bigintcalc 2007/11/11 v1.1 Expandable big integer calculations (HO)
))
\Fld@menulength=\count105
\Field@Width=\dimen117
\Fld@charsize=\dimen118
\Field@toks=\toks30
Package hyperref Info: Hyper figures OFF on input line 4377.
Package hyperref Info: Link nesting OFF on input line 4382.
Package hyperref Info: Hyper index ON on input line 4385.
Package hyperref Info: backreferencing OFF on input line 4392.
Package hyperref Info: Link coloring OFF on input line 4397.
Package hyperref Info: Link coloring with OCG OFF on input line 4402.
Package hyperref Info: PDF/A mode OFF on input line 4407.

(/usr/share/texmf-texlive/tex/generic/oberdiek/atbegshi.sty
Package: atbegshi 2008/07/31 v1.9 At begin shipout hook (HO)
)
\Hy@abspage=\count106
\c@Item=\count107
\c@Hfootnote=\count108
)
*hyperref using default driver hpdftex*
(/usr/share/texmf-texlive/tex/latex/hyperref/hpdftex.def
File: hpdftex.def 2009/10/09 v6.79a Hyperref driver for pdfTeX
\Fld@listcount=\count109
)
(/usr/share/texmf-texlive/tex/generic/xypic/xy.sty
(/usr/share/texmf-texlive/tex/generic/xypic/xy.tex Bootstrap'ing: catcodes,
docmode, (/usr/share/texmf-texlive/tex/generic/xypic/xyrecat.tex)
(/usr/share/texmf-texlive/tex/generic/xypic/xyidioms.tex)

 Xy-pic version 3.7 <1999/02/16>
 Copyright (c) 1991-1998 by Kristoffer H. Rose <krisrose@ens-lyon.fr>
 Xy-pic is free software: see the User's Guide for details.

Loading kernel: messages; fonts; allocations: state,
\X@c=\dimen119
\Y@c=\dimen120
\U@c=\dimen121
\D@c=\dimen122
\L@c=\dimen123
\R@c=\dimen124
\Edge@c=\toks31
\X@p=\dimen125
\Y@p=\dimen126
\U@p=\dimen127
\D@p=\dimen128
\L@p=\dimen129
\R@p=\dimen130
\Edge@p=\toks32
\X@origin=\dimen131
\Y@origin=\dimen132
\X@xbase=\dimen133
\Y@xbase=\dimen134
\X@ybase=\dimen135
\Y@ybase=\dimen136
\X@min=\dimen137
\Y@min=\dimen138
\X@max=\dimen139
\Y@max=\dimen140
\lastobjectbox@=\box28
\zerodotbox@=\box29
\almostz@=\dimen141
 direction,
\d@X=\dimen142
\d@Y=\dimen143
\K@=\count110
\KK@=\count111
\Direction=\count112
\K@dXdY=\dimen144
\K@dYdX=\dimen145
\xyread@=\read2
\xywrite@=\write3
\csp@=\count113
\quotPTK@=\dimen146

utility macros; pictures: \xy, positions,
\swaptoks@@=\toks33
\connectobjectbox@@=\box30
 objects,
\styletoks@=\toks34
 decorations;
kernel objects: directionals, circles, text; options; algorithms: directions,
edges, connections;  Xy-pic loaded)
Package: xy 1999/02/16 Xy-pic version 3.7
)
(/usr/share/texmf-texlive/tex/generic/xypic/xy.tex not reloaded)
(/usr/share/texmf-texlive/tex/generic/xypic/xyall.tex
 Xy-pic option: All features v.3.3
(/usr/share/texmf-texlive/tex/generic/xypic/xycurve.tex
 Xy-pic option: Curve and Spline extension v.3.7 curve,
\crv@cnt@=\count114
\crvpts@=\toks35
\splinebox@=\box31
\splineval@=\dimen147
\splinedepth@=\dimen148
\splinetol@=\dimen149
\splinelength@=\dimen150
 circles,
\L@=\dimen151
 loaded)
(/usr/share/texmf-texlive/tex/generic/xypic/xyframe.tex
 Xy-pic option: Frame and Bracket extension v.3.7 loaded)
(/usr/share/texmf-texlive/tex/generic/xypic/xycmtip.tex
 Xy-pic option: Computer Modern tip extension v.3.3
(/usr/share/texmf-texlive/tex/generic/xypic/xytips.tex
 Xy-pic option: More Tips extension v.3.3 loaded) loaded)
(/usr/share/texmf-texlive/tex/generic/xypic/xyline.tex
 Xy-pic option: Line styles extension v.3.6
\xylinethick@=\dimen152
 loaded)
(/usr/share/texmf-texlive/tex/generic/xypic/xyrotate.tex
 Xy-pic option: Rotate and Scale extension v.3.3 loaded)
(/usr/share/texmf-texlive/tex/generic/xypic/xycolor.tex
 Xy-pic option: Colour extension v.3.3 loaded)
(/usr/share/texmf-texlive/tex/generic/xypic/xymatrix.tex
 Xy-pic option: Matrix feature v.3.4
\Row=\count115
\Col=\count116
\queue@=\toks36
\queue@@=\toks37
\qcount@=\count117
\qcount@@=\count118
\matrixsize@=\count119
 loaded)
(/usr/share/texmf-texlive/tex/generic/xypic/xyarrow.tex
 Xy-pic option: Arrow and Path feature v.3.5 path, \ar, loaded)
(/usr/share/texmf-texlive/tex/generic/xypic/xygraph.tex
 Xy-pic option: Graph feature v.3.7 loaded) loaded)) (./other/macros.tex)
(./other/theoremdef.tex
\c@theorem=\count120
\c@exercise=\count121
) (./other/formatting.tex) (./CRing.aux)
\openout1 = `CRing.aux'.

LaTeX Font Info:    Checking defaults for OML/cmm/m/it on input line 8.
LaTeX Font Info:    ... okay on input line 8.
LaTeX Font Info:    Checking defaults for T1/cmr/m/n on input line 8.
LaTeX Font Info:    ... okay on input line 8.
LaTeX Font Info:    Checking defaults for OT1/cmr/m/n on input line 8.
LaTeX Font Info:    ... okay on input line 8.
LaTeX Font Info:    Checking defaults for OMS/cmsy/m/n on input line 8.
LaTeX Font Info:    ... okay on input line 8.
LaTeX Font Info:    Checking defaults for OMX/cmex/m/n on input line 8.
LaTeX Font Info:    ... okay on input line 8.
LaTeX Font Info:    Checking defaults for U/cmr/m/n on input line 8.
LaTeX Font Info:    ... okay on input line 8.
LaTeX Font Info:    Checking defaults for PD1/pdf/m/n on input line 8.
LaTeX Font Info:    ... okay on input line 8.

*geometry auto-detecting driver*
*geometry detected driver: pdftex*
-------------------- Geometry parameters
paper: class default
landscape: --
twocolumn: --
twoside: true
asymmetric: --
h-parts: 108.405pt, 397.485pt, 108.405pt
v-parts: 93.95122pt, 607.06755pt, 93.95122pt
hmarginratio: --
vmarginratio: --
lines: --
heightrounded: --
bindingoffset: 0.0pt
truedimen: --
includehead: --
includefoot: --
includemp: --
driver: pdftex
-------------------- Page layout dimensions and switches
\paperwidth  614.295pt
\paperheight 794.96999pt
\textwidth  397.485pt
\textheight 607.06755pt
\oddsidemargin  36.13501pt
\evensidemargin 36.13501pt
\topmargin  -10.19257pt
\headheight 12.0pt
\headsep    19.8738pt
\footskip   27.46295pt
\marginparwidth 116.0pt
\marginparsep   7.0pt
\columnsep  10.0pt
\skip\footins  10.0pt plus 4.0pt minus 2.0pt
\hoffset 0.0pt
\voffset 0.0pt
\mag 1000
\@twosidetrue \@mparswitchtrue 
(1in=72.27pt, 1cm=28.45pt)
-----------------------
Package hyperref Info: Link coloring OFF on input line 8.
(/usr/share/texmf-texlive/tex/latex/hyperref/nameref.sty
Package: nameref 2007/05/29 v2.31 Cross-referencing by name of section

(/usr/share/texmf-texlive/tex/latex/oberdiek/refcount.sty
Package: refcount 2008/08/11 v3.1 Data extraction from references (HO)
)
\c@section@level=\count122
)
LaTeX Info: Redefining \ref on input line 8.
LaTeX Info: Redefining \pageref on input line 8.
 (./CRing.out)
(./CRing.out)
\@outlinefile=\write4
\openout4 = `CRing.out'.

\AtBeginShipoutBox=\box32
 (./other/intro.tex
LaTeX Font Info:    Try loading font information for U+msa on input line 8.

(/usr/share/texmf-texlive/tex/latex/amsfonts/umsa.fd
File: umsa.fd 2009/06/22 v3.00 AMS symbols A
)
LaTeX Font Info:    Try loading font information for U+msb on input line 8.

(/usr/share/texmf-texlive/tex/latex/amsfonts/umsb.fd
File: umsb.fd 2009/06/22 v3.00 AMS symbols B
)
LaTeX Font Info:    Try loading font information for U+rsfs on input line 8.

(/usr/share/texmf-texlive/tex/latex/jknapltx/ursfs.fd
File: ursfs.fd 1998/03/24 rsfs font definition file (jk)
) [1



{/var/lib/texmf/fonts/map/pdftex/updmap/pdftex.map}] [2] (./CRing.toc [3

] [4])
\tf@toc=\write5
\openout5 = `CRing.toc'.

 [5] [6

]
(./other/lastupdated.tex)) (./other/contrib.tex [7] [8

]) [9]
LaTeX Font Info:    Try loading font information for OMS+cmr on input line 16.

(/usr/share/texmf-texlive/tex/latex/base/omscmr.fd
File: omscmr.fd 1999/05/25 v2.5h Standard LaTeX font definitions
)
LaTeX Font Info:    Font shape `OMS/cmr/m/n' in size <10.95> not available
(Font)              Font shape `OMS/cmsy/m/n' tried instead on input line 16.


Package Fancyhdr Warning: \headheight is too small (12.0pt): 
 Make it at least 13.59999pt.
 We now make it that large for the rest of the document.
 This may cause the page layout to be inconsistent, however.

[10

] (./chapters/ch1.tex
Chapter 1.
[1

]

LaTeX Warning: Reference `' on page 2 undefined on input line 46.

[2]

LaTeX Warning: Reference `' on page 3 undefined on input line 170.

[3]
LaTeX Font Info:    Try loading font information for U+euf on input line 184.
 (/usr/share/texmf-texlive/tex/latex/amsfonts/ueuf.fd
File: ueuf.fd 2009/06/22 v3.00 Euler Fraktur
) [4] [5] [6]
<xymatrix 2x2 154> [7] <xymatrix 3x2 124> [8]
Overfull \hbox (27.80598pt too wide) in paragraph at lines 570--572
[]\OT1/cmr/m/n/10.95 Thus, for any com-mu-ta-tive ring $\OML/cmm/m/it/10.95 R$\
OT1/cmr/m/n/10.95 , the class of $\OML/cmm/m/it/10.95 R$\OT1/cmr/m/n/10.95 -mod
ules and module-homomorphsims
 []

[9]

LaTeX Warning: Reference `' on page 10 undefined on input line 605.

[10] [11] [12] [13] [14]) (./chapters/ch2.tex [15] [16

]
Chapter 2.
[17] [18] [19] [20] [21] [22]

Package hyperref Warning: Token not allowed in a PDF string (PDFDocEncoding):
(hyperref)                removing `math shift' on input line 405.


Package hyperref Warning: Token not allowed in a PDF string (PDFDocEncoding):
(hyperref)                removing `math shift' on input line 405.

[23] [24] <xymatrix 3x2 124> <xymatrix 3x2 158>

LaTeX Warning: Reference `' on page 25 undefined on input line 536.

[25] [26] <xymatrix 2x3 135> <xymatrix 2x3 176> [27] <xymatrix 2x2 127>
[28] [29] [30] [31] [32] [33] [34] [35] <xymatrix 3x3 170> [36])
(./chapters/ch3.tex [37] [38

]
Chapter 3.

Package hyperref Warning: Token not allowed in a PDF string (PDFDocEncoding):
(hyperref)                removing `math shift' on input line 1.


Package hyperref Warning: Token not allowed in a PDF string (PDFDocEncoding):
(hyperref)                removing `math shift' on input line 1.

[39]

LaTeX Warning: Reference `' on page 40 undefined on input line 94.

[40] [41]

LaTeX Warning: Reference `' on page 42 undefined on input line 172.

[42]

LaTeX Warning: Reference `' on page 43 undefined on input line 250.


Overfull \hbox (7.39612pt too wide) in paragraph at lines 252--254
[]\OT1/cmr/m/n/10.95 Note that the sub-lemma clearly im-plies the lemma when ap
-plied to $\OML/cmm/m/it/10.95 S \OT1/cmr/m/n/10.95 = [] \OML/cmm/m/it/10.95 :$
 
 []

[43]

Package hyperref Warning: Token not allowed in a PDF string (PDFDocEncoding):
(hyperref)                removing `math shift' on input line 290.


Package hyperref Warning: Token not allowed in a PDF string (PDFDocEncoding):
(hyperref)                removing `math shift' on input line 290.


Overfull \hbox (0.33214pt too wide) in paragraph at lines 309--311
[]\OT1/cmr/m/n/10.95 Next, we check that the mor-phisms in-duced on $[]$'s from
 a ring-homomorphism
 []

[44] [45] [46]) (./chapters/ch4.tex [47] [48]
Chapter 4.

LaTeX Warning: Reference `' on page 49 undefined on input line 12.

[49

]
Overfull \hbox (33.95139pt too wide) in paragraph at lines 97--102
\OT1/cmr/m/n/10.95 module. Then the in-creas-ing se-quence of $\OML/cmm/m/it/10
.95 R$\OT1/cmr/m/n/10.95 -modules gen-er-ated by $\OMS/cmsy/m/n/10.95 f\OT1/cmr
/m/n/10.95 1\OMS/cmsy/m/n/10.95 g\OML/cmm/m/it/10.95 ; [] ; [] ; [] $
 []

[50]
Overfull \hbox (2.69945pt too wide) in paragraph at lines 162--166
[]\OT1/cmr/m/n/10.95 Suppose $\OML/cmm/m/it/10.95 x; y \OMS/cmsy/m/n/10.95 2 \O
ML/cmm/m/it/10.95 S$\OT1/cmr/m/n/10.95 . We can con-sider the finitely gen-er-a
ted mod-ules $\OML/cmm/m/it/10.95 R\OT1/cmr/m/n/10.95 [\OML/cmm/m/it/10.95 x\OT
1/cmr/m/n/10.95 ]\OML/cmm/m/it/10.95 ; R\OT1/cmr/m/n/10.95 [\OML/cmm/m/it/10.95
 y\OT1/cmr/m/n/10.95 ] \OMS/cmsy/m/n/10.95 ^^Z
 []

[51] [52]
Overfull \hbox (6.28185pt too wide) in paragraph at lines 285--293
[]\OT1/cmr/m/n/10.95 We can think of $\U/msb/m/n/10.95 C\OT1/cmr/m/n/10.95 [\OM
L/cmm/m/it/10.95 x; y\OT1/cmr/m/n/10.95 ]\OML/cmm/m/it/10.95 =\OT1/cmr/m/n/10.9
5 (\OML/cmm/m/it/10.95 x[] \OMS/cmsy/m/n/10.95 ^^@ \OML/cmm/m/it/10.95 y[]\OT1/
cmr/m/n/10.95 )$ as the sub-ring $\OML/cmm/m/it/10.95 R[]$ \OT1/cmr/m/n/10.95 o
f $\U/msb/m/n/10.95 C\OT1/cmr/m/n/10.95 [\OML/cmm/m/it/10.95 z\OT1/cmr/m/n/10.9
5 ]$ gen-er-ated by $[]$.
 []

[53] [54] [55] [56] [57] [58] [59] [60] [61]) (./chapters/ch5.tex [62]
Chapter 5.
[63

] [64] [65] [66] [67] [68] [69] [70] [71] [72] [73] [74] [75] [76]
<xymatrix 2x2 154> [77]) (./chapters/ch6.tex [78]
Chapter 6.

Package hyperref Warning: Difference (2) between bookmark levels is greater 
(hyperref)                than one, level fixed on input line 6.

[79

] [80] [81] [82] [83] [84] [85] [86] [87]

Package hyperref Warning: Token not allowed in a PDF string (PDFDocEncoding):
(hyperref)                removing `math shift' on input line 571.


Package hyperref Warning: Token not allowed in a PDF string (PDFDocEncoding):
(hyperref)                removing `math shift' on input line 571.


Package hyperref Warning: Token not allowed in a PDF string (PDFDocEncoding):
(hyperref)                removing `math shift' on input line 571.


Package hyperref Warning: Token not allowed in a PDF string (PDFDocEncoding):
(hyperref)                removing `math shift' on input line 571.

[88] [89] [90] [91]) (./chapters/ch7.tex [92]
Chapter 7.

Package hyperref Warning: Difference (2) between bookmark levels is greater 
(hyperref)                than one, level fixed on input line 7.

[93

] [94] [95] [96] [97] [98] [99] [100] [101] [102] [103] [104] [105] [106]
[107] [108] [109] [110]
Overfull \hbox (13.43024pt too wide) in paragraph at lines 1059--1065
[]\OT1/cmr/m/n/10.95 There are el-e-ments $\OML/cmm/m/it/10.95 x[]; [] ; x[] \O
MS/cmsy/m/n/10.95 2 \U/euf/m/n/10.95 m$ \OT1/cmr/m/n/10.95 that gen-er-ate an $
\U/euf/m/n/10.95 m$\OT1/cmr/m/n/10.95 -primary ideal $\OML/cmm/m/it/10.95 I \OT
1/cmr/m/n/10.95 = (\OML/cmm/m/it/10.95 x[]; [] ; x[]\OT1/cmr/m/n/10.95 )$
 []

[111] [112]) (./other/license.tex [113] [114

]
Chapter 8.
[115] [116] [117] [118] [119] [120] [121]) (./other/biblio.tex) [122]
(./CRing.aux)

LaTeX Warning: There were undefined references.

 ) 
Here is how much of TeX's memory you used:
 8209 strings out of 495061
 109158 string characters out of 1182620
 214750 words of memory out of 3000000
 10519 multiletter control sequences out of 15000+50000
 31141 words of font info for 126 fonts, out of 3000000 for 9000
 28 hyphenation exceptions out of 8191
 32i,15n,43p,249b,482s stack positions out of 5000i,500n,10000p,200000b,50000s
</usr/share/texmf-texlive/fonts/type1/public/amsfonts/cm/cmbx10.pfb></usr/sha
re/texmf-texlive/fonts/type1/public/amsfonts/cm/cmbx12.pfb></usr/share/texmf-te
xlive/fonts/type1/public/amsfonts/cm/cmbx9.pfb></usr/share/texmf-texlive/fonts/
type1/public/amsfonts/cm/cmbxti10.pfb></usr/share/texmf-texlive/fonts/type1/pub
lic/amsfonts/cm/cmcsc10.pfb></usr/share/texmf-texlive/fonts/type1/public/amsfon
ts/cm/cmex10.pfb></usr/share/texmf-texlive/fonts/type1/public/amsfonts/cm/cmmi1
0.pfb></usr/share/texmf-texlive/fonts/type1/public/amsfonts/cm/cmmi12.pfb></usr
/share/texmf-texlive/fonts/type1/public/amsfonts/cm/cmmi5.pfb></usr/share/texmf
-texlive/fonts/type1/public/amsfonts/cm/cmmi6.pfb></usr/share/texmf-texlive/fon
ts/type1/public/amsfonts/cm/cmmi8.pfb></usr/share/texmf-texlive/fonts/type1/pub
lic/amsfonts/cm/cmmi9.pfb></usr/share/texmf-texlive/fonts/type1/public/amsfonts
/cm/cmr10.pfb></usr/share/texmf-texlive/fonts/type1/public/amsfonts/cm/cmr12.pf
b></usr/share/texmf-texlive/fonts/type1/public/amsfonts/cm/cmr17.pfb></usr/shar
e/texmf-texlive/fonts/type1/public/amsfonts/cm/cmr6.pfb></usr/share/texmf-texli
ve/fonts/type1/public/amsfonts/cm/cmr8.pfb></usr/share/texmf-texlive/fonts/type
1/public/amsfonts/cm/cmr9.pfb></usr/share/texmf-texlive/fonts/type1/public/amsf
onts/cm/cmsl10.pfb></usr/share/texmf-texlive/fonts/type1/public/amsfonts/cm/cms
y10.pfb></usr/share/texmf-texlive/fonts/type1/public/amsfonts/cm/cmsy6.pfb></us
r/share/texmf-texlive/fonts/type1/public/amsfonts/cm/cmsy8.pfb></usr/share/texm
f-texlive/fonts/type1/public/amsfonts/cm/cmsy9.pfb></usr/share/texmf-texlive/fo
nts/type1/public/amsfonts/cm/cmti10.pfb></usr/share/texmf-texlive/fonts/type1/p
ublic/amsfonts/cm/cmtt10.pfb></usr/share/texmf-texlive/fonts/type1/public/amsfo
nts/euler/eufm10.pfb></usr/share/texmf-texlive/fonts/type1/public/amsfonts/eule
r/eufm7.pfb></usr/share/texmf-texlive/fonts/type1/public/amsfonts/symbols/msam1
0.pfb></usr/share/texmf-texlive/fonts/type1/public/amsfonts/symbols/msbm10.pfb>
</usr/share/texmf-texlive/fonts/type1/public/xypic/xyatip10.pfb></usr/share/tex
mf-texlive/fonts/type1/public/xypic/xybtip10.pfb></usr/share/texmf-texlive/font
s/type1/public/xypic/xydash10.pfb>
Output written on CRing.pdf (132 pages, 921073 bytes).
PDF statistics:
 1786 PDF objects out of 2073 (max. 8388607)
 664 named destinations out of 1000 (max. 500000)
 801 words of extra memory for PDF output out of 10000 (max. 10000000)

